<?xml version="1.0" encoding="UTF-8"?>
<!-- Generated by org.testng.reporters.JUnitXMLReporter -->
<testsuite hostname="SANDEEPINI" name="Test" tests="3" failures="0" timestamp="20 Oct 2019 04:44:35 GMT" time="0.047" errors="0">
  <testcase name="testCreateProject" time="0.019" classname="com.actitime.test.CreateUser"/>
  <testcase name="testCreateUser" time="0.002" classname="com.actitime.test.CreateUser"/>
  <testcase name="testVerifyBuild" time="0.001" classname="com.actitime.test.CreateUser"/>
</testsuite> <!-- Test -->
